{"numTotalTestSuites":26,"numPassedTestSuites":26,"numFailedTestSuites":0,"numPendingTestSuites":0,"numTotalTests":28,"numPassedTests":28,"numFailedTests":0,"numPendingTests":0,"numTodoTests":0,"snapshot":{"added":0,"failure":false,"filesAdded":0,"filesRemoved":0,"filesRemovedList":[],"filesUnmatched":0,"filesUpdated":0,"matched":0,"total":0,"unchecked":0,"uncheckedKeysByFile":[],"unmatched":0,"updated":0,"didUpdate":false},"startTime":1764358142654,"success":true,"testResults":[{"assertionResults":[{"ancestorTitles":["About Page"],"fullName":"About Page renders about page content","status":"passed","title":"renders about page content","duration":116.95890000000009,"failureMessages":[],"meta":{}}],"startTime":1764358151721,"endTime":1764358151837.959,"status":"passed","message":"","name":"C:/Users/mdosm/Desktop/AL GONI TOURS AND TRAVELS/algonitours/src/__tests__/About.test.jsx"},{"assertionResults":[{"ancestorTitles":["Contact Component"],"fullName":"Contact Component renders contact form","status":"passed","title":"renders contact form","duration":533.1798000000008,"failureMessages":[],"meta":{}},{"ancestorTitles":["Contact Component"],"fullName":"Contact Component submits the form","status":"passed","title":"submits the form","duration":616.2271000000001,"failureMessages":[],"meta":{}}],"startTime":1764358146903,"endTime":1764358148052.227,"status":"passed","message":"","name":"C:/Users/mdosm/Desktop/AL GONI TOURS AND TRAVELS/algonitours/src/__tests__/Contact.test.jsx"},{"assertionResults":[{"ancestorTitles":["DestinationCard Component"],"fullName":"DestinationCard Component renders destination details","status":"passed","title":"renders destination details","duration":331.2006000000001,"failureMessages":[],"meta":{}},{"ancestorTitles":["DestinationCard Component"],"fullName":"DestinationCard Component handles video playback on hover","status":"passed","title":"handles video playback on hover","duration":375.83439999999973,"failureMessages":[],"meta":{}},{"ancestorTitles":["DestinationCard Component"],"fullName":"DestinationCard Component handles video play error gracefully","status":"passed","title":"handles video play error gracefully","duration":146.96419999999944,"failureMessages":[],"meta":{}}],"startTime":1764358147692,"endTime":1764358148546.964,"status":"passed","message":"","name":"C:/Users/mdosm/Desktop/AL GONI TOURS AND TRAVELS/algonitours/src/__tests__/DestinationCard.test.jsx"},{"assertionResults":[{"ancestorTitles":["ErrorBoundary Component"],"fullName":"ErrorBoundary Component renders children when no error occurs","status":"passed","title":"renders children when no error occurs","duration":121.36859999999979,"failureMessages":[],"meta":{}},{"ancestorTitles":["ErrorBoundary Component"],"fullName":"ErrorBoundary Component renders error message when an error occurs","status":"passed","title":"renders error message when an error occurs","duration":92.93399999999974,"failureMessages":[],"meta":{}}],"startTime":1764358151363,"endTime":1764358151578.934,"status":"passed","message":"","name":"C:/Users/mdosm/Desktop/AL GONI TOURS AND TRAVELS/algonitours/src/__tests__/ErrorBoundary.test.jsx"},{"assertionResults":[{"ancestorTitles":["FAQ Component"],"fullName":"FAQ Component renders FAQ section","status":"passed","title":"renders FAQ section","duration":771.8907000000008,"failureMessages":[],"meta":{}},{"ancestorTitles":["FAQ Component"],"fullName":"FAQ Component toggles FAQ answer on click","status":"passed","title":"toggles FAQ answer on click","duration":196.45409999999993,"failureMessages":[],"meta":{}}],"startTime":1764358146903,"endTime":1764358147871.454,"status":"passed","message":"","name":"C:/Users/mdosm/Desktop/AL GONI TOURS AND TRAVELS/algonitours/src/__tests__/FAQ.test.jsx"},{"assertionResults":[{"ancestorTitles":["Footer Component"],"fullName":"Footer Component renders footer content","status":"passed","title":"renders footer content","duration":484.2691,"failureMessages":[],"meta":{}},{"ancestorTitles":["Footer Component"],"fullName":"Footer Component renders social media links","status":"passed","title":"renders social media links","duration":820.7306999999992,"failureMessages":[],"meta":{}}],"startTime":1764358146826,"endTime":1764358148130.7307,"status":"passed","message":"","name":"C:/Users/mdosm/Desktop/AL GONI TOURS AND TRAVELS/algonitours/src/__tests__/Footer.test.jsx"},{"assertionResults":[{"ancestorTitles":["HolidayPackages Component"],"fullName":"HolidayPackages Component renders holiday packages","status":"passed","title":"renders holiday packages","duration":157.11020000000008,"failureMessages":[],"meta":{}},{"ancestorTitles":["HolidayPackages Component"],"fullName":"HolidayPackages Component filters out non-destination packages","status":"passed","title":"filters out non-destination packages","duration":26.536799999999857,"failureMessages":[],"meta":{}}],"startTime":1764358152014,"endTime":1764358152198.5369,"status":"passed","message":"","name":"C:/Users/mdosm/Desktop/AL GONI TOURS AND TRAVELS/algonitours/src/__tests__/HolidayPackages.test.jsx"},{"assertionResults":[{"ancestorTitles":["Home Page"],"fullName":"Home Page renders home page content","status":"passed","title":"renders home page content","duration":883.4129000000003,"failureMessages":[],"meta":{}}],"startTime":1764358147912,"endTime":1764358148795.4128,"status":"passed","message":"","name":"C:/Users/mdosm/Desktop/AL GONI TOURS AND TRAVELS/algonitours/src/__tests__/Home.test.jsx"},{"assertionResults":[{"ancestorTitles":["Navbar Component"],"fullName":"Navbar Component renders navbar logo","status":"passed","title":"renders navbar logo","duration":431.9499999999998,"failureMessages":[],"meta":{}},{"ancestorTitles":["Navbar Component"],"fullName":"Navbar Component renders navigation links","status":"passed","title":"renders navigation links","duration":51.19970000000012,"failureMessages":[],"meta":{}},{"ancestorTitles":["Navbar Component"],"fullName":"Navbar Component toggles mobile menu when button is clicked","status":"passed","title":"toggles mobile menu when button is clicked","duration":520.7092000000002,"failureMessages":[],"meta":{}}],"startTime":1764358146872,"endTime":1764358147876.7092,"status":"passed","message":"","name":"C:/Users/mdosm/Desktop/AL GONI TOURS AND TRAVELS/algonitours/src/__tests__/Navbar.test.jsx"},{"assertionResults":[{"ancestorTitles":["Newsletter Component"],"fullName":"Newsletter Component renders newsletter section","status":"passed","title":"renders newsletter section","duration":837.7471999999998,"failureMessages":[],"meta":{}},{"ancestorTitles":["Newsletter Component"],"fullName":"Newsletter Component updates email input value","status":"passed","title":"updates email input value","duration":38.197800000000825,"failureMessages":[],"meta":{}},{"ancestorTitles":["Newsletter Component"],"fullName":"Newsletter Component submits the form and shows alert","status":"passed","title":"submits the form and shows alert","duration":218.70619999999963,"failureMessages":[],"meta":{}}],"startTime":1764358146821,"endTime":1764358147915.7063,"status":"passed","message":"","name":"C:/Users/mdosm/Desktop/AL GONI TOURS AND TRAVELS/algonitours/src/__tests__/Newsletter.test.jsx"},{"assertionResults":[{"ancestorTitles":["PackageContext"],"fullName":"PackageContext provides initial packages","status":"passed","title":"provides initial packages","duration":92.8735999999999,"failureMessages":[],"meta":{}},{"ancestorTitles":["PackageContext"],"fullName":"PackageContext adds a package","status":"passed","title":"adds a package","duration":44.72599999999966,"failureMessages":[],"meta":{}},{"ancestorTitles":["PackageContext"],"fullName":"PackageContext updates a package","status":"passed","title":"updates a package","duration":104.69290000000001,"failureMessages":[],"meta":{}},{"ancestorTitles":["PackageContext"],"fullName":"PackageContext deletes a package","status":"passed","title":"deletes a package","duration":18.141700000000128,"failureMessages":[],"meta":{}}],"startTime":1764358151284,"endTime":1764358151545.1416,"status":"passed","message":"","name":"C:/Users/mdosm/Desktop/AL GONI TOURS AND TRAVELS/algonitours/src/__tests__/PackageContext.test.jsx"},{"assertionResults":[{"ancestorTitles":["Partners Component"],"fullName":"Partners Component renders partners section","status":"passed","title":"renders partners section","duration":246.87549999999965,"failureMessages":[],"meta":{}},{"ancestorTitles":["Partners Component"],"fullName":"Partners Component renders partner logos","status":"passed","title":"renders partner logos","duration":69.76479999999992,"failureMessages":[],"meta":{}}],"startTime":1764358151063,"endTime":1764358151379.765,"status":"passed","message":"","name":"C:/Users/mdosm/Desktop/AL GONI TOURS AND TRAVELS/algonitours/src/__tests__/Partners.test.jsx"},{"assertionResults":[{"ancestorTitles":["Services Page"],"fullName":"Services Page renders services page content","status":"passed","title":"renders services page content","duration":232.73360000000002,"failureMessages":[],"meta":{}}],"startTime":1764358151523,"endTime":1764358151755.7336,"status":"passed","message":"","name":"C:/Users/mdosm/Desktop/AL GONI TOURS AND TRAVELS/algonitours/src/__tests__/Services.test.jsx"}]}