{"numTotalTestSuites":26,"numPassedTestSuites":26,"numFailedTestSuites":0,"numPendingTestSuites":0,"numTotalTests":33,"numPassedTests":33,"numFailedTests":0,"numPendingTests":0,"numTodoTests":0,"snapshot":{"added":0,"failure":false,"filesAdded":0,"filesRemoved":0,"filesRemovedList":[],"filesUnmatched":0,"filesUpdated":0,"matched":0,"total":0,"unchecked":0,"uncheckedKeysByFile":[],"unmatched":0,"updated":0,"didUpdate":false},"startTime":1764362489440,"success":true,"testResults":[{"assertionResults":[{"ancestorTitles":["About Page"],"fullName":"About Page renders about page content","status":"passed","title":"renders about page content","duration":145.1916000000001,"failureMessages":[],"meta":{}}],"startTime":1764362502910,"endTime":1764362503055.1917,"status":"passed","message":"","name":"C:/Users/mdosm/Desktop/AL GONI TOURS AND TRAVELS/algonitours/src/__tests__/About.test.jsx"},{"assertionResults":[{"ancestorTitles":["Contact Component"],"fullName":"Contact Component renders contact form","status":"passed","title":"renders contact form","duration":509.47810000000027,"failureMessages":[],"meta":{}},{"ancestorTitles":["Contact Component"],"fullName":"Contact Component submits the form","status":"passed","title":"submits the form","duration":1021.9984999999997,"failureMessages":[],"meta":{}}],"startTime":1764362495731,"endTime":1764362497262.9985,"status":"passed","message":"","name":"C:/Users/mdosm/Desktop/AL GONI TOURS AND TRAVELS/algonitours/src/__tests__/Contact.test.jsx"},{"assertionResults":[{"ancestorTitles":["DestinationCard Component"],"fullName":"DestinationCard Component renders destination details","status":"passed","title":"renders destination details","duration":419.28030000000035,"failureMessages":[],"meta":{}},{"ancestorTitles":["DestinationCard Component"],"fullName":"DestinationCard Component handles video playback on hover","status":"passed","title":"handles video playback on hover","duration":566.7299000000003,"failureMessages":[],"meta":{}},{"ancestorTitles":["DestinationCard Component"],"fullName":"DestinationCard Component handles video play error gracefully","status":"passed","title":"handles video play error gracefully","duration":240.26680000000124,"failureMessages":[],"meta":{}}],"startTime":1764362497249,"endTime":1764362498475.2668,"status":"passed","message":"","name":"C:/Users/mdosm/Desktop/AL GONI TOURS AND TRAVELS/algonitours/src/__tests__/DestinationCard.test.jsx"},{"assertionResults":[{"ancestorTitles":["ErrorBoundary Component"],"fullName":"ErrorBoundary Component renders children when no error occurs","status":"passed","title":"renders children when no error occurs","duration":127.3744000000006,"failureMessages":[],"meta":{}},{"ancestorTitles":["ErrorBoundary Component"],"fullName":"ErrorBoundary Component renders error message when an error occurs","status":"passed","title":"renders error message when an error occurs","duration":98.3773999999994,"failureMessages":[],"meta":{}}],"startTime":1764362502774,"endTime":1764362503000.3774,"status":"passed","message":"","name":"C:/Users/mdosm/Desktop/AL GONI TOURS AND TRAVELS/algonitours/src/__tests__/ErrorBoundary.test.jsx"},{"assertionResults":[{"ancestorTitles":["FAQ Component"],"fullName":"FAQ Component renders FAQ section","status":"passed","title":"renders FAQ section","duration":1379.6759999999995,"failureMessages":[],"meta":{}},{"ancestorTitles":["FAQ Component"],"fullName":"FAQ Component toggles FAQ answer on click","status":"passed","title":"toggles FAQ answer on click","duration":292.53190000000086,"failureMessages":[],"meta":{}}],"startTime":1764362495759,"endTime":1764362497431.532,"status":"passed","message":"","name":"C:/Users/mdosm/Desktop/AL GONI TOURS AND TRAVELS/algonitours/src/__tests__/FAQ.test.jsx"},{"assertionResults":[{"ancestorTitles":["Footer Component"],"fullName":"Footer Component renders footer content","status":"passed","title":"renders footer content","duration":645.1333999999997,"failureMessages":[],"meta":{}},{"ancestorTitles":["Footer Component"],"fullName":"Footer Component renders social media links","status":"passed","title":"renders social media links","duration":1054.8369000000002,"failureMessages":[],"meta":{}}],"startTime":1764362495779,"endTime":1764362497479.837,"status":"passed","message":"","name":"C:/Users/mdosm/Desktop/AL GONI TOURS AND TRAVELS/algonitours/src/__tests__/Footer.test.jsx"},{"assertionResults":[{"ancestorTitles":["HolidayPackages Component"],"fullName":"HolidayPackages Component renders holiday packages","status":"passed","title":"renders holiday packages","duration":307.3302999999996,"failureMessages":[],"meta":{}},{"ancestorTitles":["HolidayPackages Component"],"fullName":"HolidayPackages Component filters out non-destination packages","status":"passed","title":"filters out non-destination packages","duration":62.800100000000384,"failureMessages":[],"meta":{}}],"startTime":1764362503131,"endTime":1764362503501.8,"status":"passed","message":"","name":"C:/Users/mdosm/Desktop/AL GONI TOURS AND TRAVELS/algonitours/src/__tests__/HolidayPackages.test.jsx"},{"assertionResults":[{"ancestorTitles":["Home Page"],"fullName":"Home Page renders all major sections","status":"passed","title":"renders all major sections","duration":1552.2200999999995,"failureMessages":[],"meta":{}},{"ancestorTitles":["Home Page"],"fullName":"Home Page renders service cards with correct links and hover effects","status":"passed","title":"renders service cards with correct links and hover effects","duration":2431.6126999999997,"failureMessages":[],"meta":{}}],"startTime":1764362497036,"endTime":1764362501019.6128,"status":"passed","message":"","name":"C:/Users/mdosm/Desktop/AL GONI TOURS AND TRAVELS/algonitours/src/__tests__/Home.test.jsx"},{"assertionResults":[{"ancestorTitles":["Navbar Component"],"fullName":"Navbar Component renders navbar logo","status":"passed","title":"renders navbar logo","duration":458.09960000000046,"failureMessages":[],"meta":{}},{"ancestorTitles":["Navbar Component"],"fullName":"Navbar Component renders navigation links","status":"passed","title":"renders navigation links","duration":71.45789999999943,"failureMessages":[],"meta":{}},{"ancestorTitles":["Navbar Component"],"fullName":"Navbar Component toggles mobile menu when button is clicked","status":"passed","title":"toggles mobile menu when button is clicked","duration":636.0727999999999,"failureMessages":[],"meta":{}},{"ancestorTitles":["Navbar Component"],"fullName":"Navbar Component shows back button when not on home page","status":"passed","title":"shows back button when not on home page","duration":69.46619999999893,"failureMessages":[],"meta":{}},{"ancestorTitles":["Navbar Component"],"fullName":"Navbar Component hides back button on home page","status":"passed","title":"hides back button on home page","duration":56.420099999999366,"failureMessages":[],"meta":{}}],"startTime":1764362497221,"endTime":1764362498512.4202,"status":"passed","message":"","name":"C:/Users/mdosm/Desktop/AL GONI TOURS AND TRAVELS/algonitours/src/__tests__/Navbar.test.jsx"},{"assertionResults":[{"ancestorTitles":["Newsletter Component"],"fullName":"Newsletter Component renders newsletter section","status":"passed","title":"renders newsletter section","duration":716.8283000000001,"failureMessages":[],"meta":{}},{"ancestorTitles":["Newsletter Component"],"fullName":"Newsletter Component updates email input value","status":"passed","title":"updates email input value","duration":72.65130000000045,"failureMessages":[],"meta":{}},{"ancestorTitles":["Newsletter Component"],"fullName":"Newsletter Component submits the form and shows alert","status":"passed","title":"submits the form and shows alert","duration":168.0584000000008,"failureMessages":[],"meta":{}}],"startTime":1764362501941,"endTime":1764362502899.0583,"status":"passed","message":"","name":"C:/Users/mdosm/Desktop/AL GONI TOURS AND TRAVELS/algonitours/src/__tests__/Newsletter.test.jsx"},{"assertionResults":[{"ancestorTitles":["PackageContext"],"fullName":"PackageContext provides initial packages","status":"passed","title":"provides initial packages","duration":184.46939999999995,"failureMessages":[],"meta":{}},{"ancestorTitles":["PackageContext"],"fullName":"PackageContext adds a package","status":"passed","title":"adds a package","duration":43.70470000000023,"failureMessages":[],"meta":{}},{"ancestorTitles":["PackageContext"],"fullName":"PackageContext updates a package","status":"passed","title":"updates a package","duration":15.882800000000316,"failureMessages":[],"meta":{}},{"ancestorTitles":["PackageContext"],"fullName":"PackageContext deletes a package","status":"passed","title":"deletes a package","duration":17.831699999999728,"failureMessages":[],"meta":{}}],"startTime":1764362502403,"endTime":1764362502665.8318,"status":"passed","message":"","name":"C:/Users/mdosm/Desktop/AL GONI TOURS AND TRAVELS/algonitours/src/__tests__/PackageContext.test.jsx"},{"assertionResults":[{"ancestorTitles":["Partners Component"],"fullName":"Partners Component renders partners section","status":"passed","title":"renders partners section","duration":295.90760000000046,"failureMessages":[],"meta":{}},{"ancestorTitles":["Partners Component"],"fullName":"Partners Component renders all partner logos","status":"passed","title":"renders all partner logos","duration":105.1231000000007,"failureMessages":[],"meta":{}},{"ancestorTitles":["Partners Component"],"fullName":"Partners Component applies hover effects to partner logos","status":"passed","title":"applies hover effects to partner logos","duration":101.04370000000017,"failureMessages":[],"meta":{}}],"startTime":1764362501787,"endTime":1764362502289.0437,"status":"passed","message":"","name":"C:/Users/mdosm/Desktop/AL GONI TOURS AND TRAVELS/algonitours/src/__tests__/Partners.test.jsx"},{"assertionResults":[{"ancestorTitles":["Services Page"],"fullName":"Services Page renders services page content","status":"passed","title":"renders services page content","duration":534.7070000000003,"failureMessages":[],"meta":{}},{"ancestorTitles":["Services Page"],"fullName":"Services Page renders all service cards with hover effects","status":"passed","title":"renders all service cards with hover effects","duration":1539.8955999999998,"failureMessages":[],"meta":{}}],"startTime":1764362495994,"endTime":1764362498069.8955,"status":"passed","message":"","name":"C:/Users/mdosm/Desktop/AL GONI TOURS AND TRAVELS/algonitours/src/__tests__/Services.test.jsx"}]}