{"C:\\Users\\mdosm\\Desktop\\AL GONI TOURS AND TRAVELS\\algonitours\\src\\components\\BlogPreview.jsx": {"path":"C:\\Users\\mdosm\\Desktop\\AL GONI TOURS AND TRAVELS\\algonitours\\src\\components\\BlogPreview.jsx","statementMap":{"0":{"start":{"line":5,"column":18},"end":{"line":28,"column":null}},"1":{"start":{"line":30,"column":20},"end":{"line":66,"column":null}},"2":{"start":{"line":31,"column":4},"end":{"line":64,"column":null}},"3":{"start":{"line":46,"column":24},"end":{"line":60,"column":null}}},"fnMap":{"0":{"name":"(anonymous_0)","decl":{"start":{"line":30,"column":20},"end":{"line":30,"column":26}},"loc":{"start":{"line":30,"column":26},"end":{"line":66,"column":null}},"line":30},"1":{"name":"(anonymous_1)","decl":{"start":{"line":45,"column":35},"end":{"line":45,"column":36}},"loc":{"start":{"line":46,"column":24},"end":{"line":60,"column":null}},"line":46}},"branchMap":{"0":{"loc":{"start":{"line":56,"column":42},"end":{"line":56,"column":60}},"type":"binary-expr","locations":[{"start":{"line":56,"column":42},"end":{"line":56,"column":55}},{"start":{"line":56,"column":55},"end":{"line":56,"column":60}}],"line":56}},"s":{"0":1,"1":1,"2":2,"3":6},"f":{"0":2,"1":6},"b":{"0":[6,4]},"meta":{"lastBranch":1,"lastFunction":2,"lastStatement":4,"seen":{"s:5:18:28:Infinity":0,"s:30:20:66:Infinity":1,"f:30:20:30:26":0,"s:31:4:64:Infinity":2,"f:45:35:45:36":1,"s:46:24:60:Infinity":3,"b:56:42:56:55:56:55:56:60":0}}}
,"C:\\Users\\mdosm\\Desktop\\AL GONI TOURS AND TRAVELS\\algonitours\\src\\components\\DestinationCard.jsx": {"path":"C:\\Users\\mdosm\\Desktop\\AL GONI TOURS AND TRAVELS\\algonitours\\src\\components\\DestinationCard.jsx","statementMap":{"0":{"start":{"line":6,"column":24},"end":{"line":109,"column":null}},"1":{"start":{"line":7,"column":34},"end":{"line":7,"column":null}},"2":{"start":{"line":8,"column":10},"end":{"line":8,"column":null}},"3":{"start":{"line":10,"column":29},"end":{"line":17,"column":null}},"4":{"start":{"line":11,"column":8},"end":{"line":11,"column":null}},"5":{"start":{"line":12,"column":8},"end":{"line":16,"column":null}},"6":{"start":{"line":13,"column":12},"end":{"line":15,"column":null}},"7":{"start":{"line":14,"column":16},"end":{"line":14,"column":null}},"8":{"start":{"line":19,"column":29},"end":{"line":25,"column":null}},"9":{"start":{"line":20,"column":8},"end":{"line":20,"column":null}},"10":{"start":{"line":21,"column":8},"end":{"line":24,"column":null}},"11":{"start":{"line":22,"column":12},"end":{"line":22,"column":null}},"12":{"start":{"line":23,"column":12},"end":{"line":23,"column":null}},"13":{"start":{"line":27,"column":4},"end":{"line":107,"column":null}}},"fnMap":{"0":{"name":"(anonymous_0)","decl":{"start":{"line":6,"column":24},"end":{"line":6,"column":25}},"loc":{"start":{"line":6,"column":45},"end":{"line":109,"column":null}},"line":6},"1":{"name":"(anonymous_1)","decl":{"start":{"line":10,"column":29},"end":{"line":10,"column":35}},"loc":{"start":{"line":10,"column":35},"end":{"line":17,"column":null}},"line":10},"2":{"name":"(anonymous_2)","decl":{"start":{"line":13,"column":42},"end":{"line":13,"column":51}},"loc":{"start":{"line":13,"column":51},"end":{"line":15,"column":13}},"line":13},"3":{"name":"(anonymous_3)","decl":{"start":{"line":19,"column":29},"end":{"line":19,"column":35}},"loc":{"start":{"line":19,"column":35},"end":{"line":25,"column":null}},"line":19}},"branchMap":{"0":{"loc":{"start":{"line":12,"column":8},"end":{"line":16,"column":null}},"type":"if","locations":[{"start":{"line":12,"column":8},"end":{"line":16,"column":null}},{"start":{},"end":{}}],"line":12},"1":{"loc":{"start":{"line":21,"column":8},"end":{"line":24,"column":null}},"type":"if","locations":[{"start":{"line":21,"column":8},"end":{"line":24,"column":null}},{"start":{},"end":{}}],"line":21},"2":{"loc":{"start":{"line":47,"column":37},"end":{"line":47,"column":null}},"type":"cond-expr","locations":[{"start":{"line":47,"column":63},"end":{"line":47,"column":67}},{"start":{"line":47,"column":67},"end":{"line":47,"column":null}}],"line":47},"3":{"loc":{"start":{"line":47,"column":37},"end":{"line":47,"column":63}},"type":"binary-expr","locations":[{"start":{"line":47,"column":37},"end":{"line":47,"column":50}},{"start":{"line":47,"column":50},"end":{"line":47,"column":63}}],"line":47},"4":{"loc":{"start":{"line":53,"column":21},"end":{"line":71,"column":null}},"type":"binary-expr","locations":[{"start":{"line":53,"column":21},"end":{"line":53,"column":null}},{"start":{"line":54,"column":24},"end":{"line":71,"column":null}}],"line":53},"5":{"loc":{"start":{"line":67,"column":41},"end":{"line":67,"column":null}},"type":"cond-expr","locations":[{"start":{"line":67,"column":53},"end":{"line":67,"column":57}},{"start":{"line":67,"column":57},"end":{"line":67,"column":null}}],"line":67}},"s":{"0":2,"1":9,"2":9,"3":9,"4":2,"5":2,"6":2,"7":1,"8":9,"9":1,"10":1,"11":1,"12":1,"13":9},"f":{"0":9,"1":2,"2":1,"3":1},"b":{"0":[2,0],"1":[1,0],"2":[2,7],"3":[9,2],"4":[9,6],"5":[2,4]},"meta":{"lastBranch":6,"lastFunction":4,"lastStatement":14,"seen":{"s:6:24:109:Infinity":0,"f:6:24:6:25":0,"s:7:34:7:Infinity":1,"s:8:10:8:Infinity":2,"s:10:29:17:Infinity":3,"f:10:29:10:35":1,"s:11:8:11:Infinity":4,"b:12:8:16:Infinity:undefined:undefined:undefined:undefined":0,"s:12:8:16:Infinity":5,"s:13:12:15:Infinity":6,"f:13:42:13:51":2,"s:14:16:14:Infinity":7,"s:19:29:25:Infinity":8,"f:19:29:19:35":3,"s:20:8:20:Infinity":9,"b:21:8:24:Infinity:undefined:undefined:undefined:undefined":1,"s:21:8:24:Infinity":10,"s:22:12:22:Infinity":11,"s:23:12:23:Infinity":12,"s:27:4:107:Infinity":13,"b:47:63:47:67:47:67:47:Infinity":2,"b:47:37:47:50:47:50:47:63":3,"b:53:21:53:Infinity:54:24:71:Infinity":4,"b:67:53:67:57:67:57:67:Infinity":5}}}
,"C:\\Users\\mdosm\\Desktop\\AL GONI TOURS AND TRAVELS\\algonitours\\src\\components\\ErrorBoundary.jsx": {"path":"C:\\Users\\mdosm\\Desktop\\AL GONI TOURS AND TRAVELS\\algonitours\\src\\components\\ErrorBoundary.jsx","statementMap":{"0":{"start":{"line":5,"column":8},"end":{"line":5,"column":null}},"1":{"start":{"line":6,"column":8},"end":{"line":6,"column":null}},"2":{"start":{"line":10,"column":8},"end":{"line":10,"column":null}},"3":{"start":{"line":14,"column":8},"end":{"line":14,"column":null}},"4":{"start":{"line":15,"column":8},"end":{"line":15,"column":null}},"5":{"start":{"line":19,"column":8},"end":{"line":30,"column":null}},"6":{"start":{"line":20,"column":12},"end":{"line":28,"column":null}},"7":{"start":{"line":32,"column":8},"end":{"line":32,"column":null}}},"fnMap":{"0":{"name":"(anonymous_0)","decl":{"start":{"line":4,"column":4},"end":{"line":4,"column":16}},"loc":{"start":{"line":4,"column":23},"end":{"line":7,"column":null}},"line":4},"1":{"name":"(anonymous_1)","decl":{"start":{"line":9,"column":11},"end":{"line":9,"column":36}},"loc":{"start":{"line":9,"column":43},"end":{"line":11,"column":null}},"line":9},"2":{"name":"(anonymous_2)","decl":{"start":{"line":13,"column":4},"end":{"line":13,"column":22}},"loc":{"start":{"line":13,"column":40},"end":{"line":16,"column":null}},"line":13},"3":{"name":"(anonymous_3)","decl":{"start":{"line":18,"column":4},"end":{"line":18,"column":13}},"loc":{"start":{"line":18,"column":13},"end":{"line":33,"column":null}},"line":18}},"branchMap":{"0":{"loc":{"start":{"line":19,"column":8},"end":{"line":30,"column":null}},"type":"if","locations":[{"start":{"line":19,"column":8},"end":{"line":30,"column":null}},{"start":{},"end":{}}],"line":19},"1":{"loc":{"start":{"line":24,"column":25},"end":{"line":24,"column":null}},"type":"binary-expr","locations":[{"start":{"line":24,"column":25},"end":{"line":24,"column":45}},{"start":{"line":24,"column":45},"end":{"line":24,"column":null}}],"line":24},"2":{"loc":{"start":{"line":26,"column":25},"end":{"line":26,"column":null}},"type":"binary-expr","locations":[{"start":{"line":26,"column":25},"end":{"line":26,"column":49}},{"start":{"line":26,"column":49},"end":{"line":26,"column":null}}],"line":26}},"s":{"0":4,"1":4,"2":2,"3":1,"4":1,"5":6,"6":3,"7":3},"f":{"0":4,"1":1,"2":1,"3":6},"b":{"0":[3,3],"1":[3,1],"2":[3,1]},"meta":{"lastBranch":3,"lastFunction":4,"lastStatement":8,"seen":{"f:4:4:4:16":0,"s:5:8:5:Infinity":0,"s:6:8:6:Infinity":1,"f:9:11:9:36":1,"s:10:8:10:Infinity":2,"f:13:4:13:22":2,"s:14:8:14:Infinity":3,"s:15:8:15:Infinity":4,"f:18:4:18:13":3,"b:19:8:30:Infinity:undefined:undefined:undefined:undefined":0,"s:19:8:30:Infinity":5,"s:20:12:28:Infinity":6,"b:24:25:24:45:24:45:24:Infinity":1,"b:26:25:26:49:26:49:26:Infinity":2,"s:32:8:32:Infinity":7}}}
,"C:\\Users\\mdosm\\Desktop\\AL GONI TOURS AND TRAVELS\\algonitours\\src\\components\\FAQ.jsx": {"path":"C:\\Users\\mdosm\\Desktop\\AL GONI TOURS AND TRAVELS\\algonitours\\src\\components\\FAQ.jsx","statementMap":{"0":{"start":{"line":5,"column":13},"end":{"line":26,"column":null}},"1":{"start":{"line":28,"column":12},"end":{"line":95,"column":null}},"2":{"start":{"line":29,"column":38},"end":{"line":29,"column":null}},"3":{"start":{"line":31,"column":22},"end":{"line":33,"column":null}},"4":{"start":{"line":32,"column":8},"end":{"line":32,"column":null}},"5":{"start":{"line":35,"column":4},"end":{"line":93,"column":null}},"6":{"start":{"line":45,"column":24},"end":{"line":89,"column":null}},"7":{"start":{"line":55,"column":47},"end":{"line":55,"column":null}}},"fnMap":{"0":{"name":"(anonymous_0)","decl":{"start":{"line":28,"column":12},"end":{"line":28,"column":18}},"loc":{"start":{"line":28,"column":18},"end":{"line":95,"column":null}},"line":28},"1":{"name":"(anonymous_1)","decl":{"start":{"line":31,"column":22},"end":{"line":31,"column":23}},"loc":{"start":{"line":31,"column":33},"end":{"line":33,"column":null}},"line":31},"2":{"name":"(anonymous_2)","decl":{"start":{"line":44,"column":30},"end":{"line":44,"column":31}},"loc":{"start":{"line":45,"column":24},"end":{"line":89,"column":null}},"line":45},"3":{"name":"(anonymous_3)","decl":{"start":{"line":55,"column":41},"end":{"line":55,"column":47}},"loc":{"start":{"line":55,"column":47},"end":{"line":55,"column":null}},"line":55}},"branchMap":{"0":{"loc":{"start":{"line":32,"column":23},"end":{"line":32,"column":59}},"type":"cond-expr","locations":[{"start":{"line":32,"column":47},"end":{"line":32,"column":54}},{"start":{"line":32,"column":54},"end":{"line":32,"column":59}}],"line":32},"1":{"loc":{"start":{"line":68,"column":43},"end":{"line":68,"column":null}},"type":"cond-expr","locations":[{"start":{"line":68,"column":67},"end":{"line":68,"column":89}},{"start":{"line":68,"column":89},"end":{"line":68,"column":null}}],"line":68},"2":{"loc":{"start":{"line":72,"column":33},"end":{"line":72,"column":null}},"type":"cond-expr","locations":[{"start":{"line":72,"column":57},"end":{"line":72,"column":79}},{"start":{"line":72,"column":79},"end":{"line":72,"column":null}}],"line":72},"3":{"loc":{"start":{"line":76,"column":33},"end":{"line":86,"column":null}},"type":"binary-expr","locations":[{"start":{"line":76,"column":33},"end":{"line":76,"column":null}},{"start":{"line":77,"column":36},"end":{"line":86,"column":null}}],"line":76}},"s":{"0":2,"1":2,"2":6,"3":6,"4":2,"5":6,"6":30,"7":2},"f":{"0":6,"1":2,"2":30,"3":2},"b":{"0":[1,1],"1":[1,29],"2":[1,29],"3":[30,1]},"meta":{"lastBranch":4,"lastFunction":4,"lastStatement":8,"seen":{"s:5:13:26:Infinity":0,"s:28:12:95:Infinity":1,"f:28:12:28:18":0,"s:29:38:29:Infinity":2,"s:31:22:33:Infinity":3,"f:31:22:31:23":1,"s:32:8:32:Infinity":4,"b:32:47:32:54:32:54:32:59":0,"s:35:4:93:Infinity":5,"f:44:30:44:31":2,"s:45:24:89:Infinity":6,"f:55:41:55:47":3,"s:55:47:55:Infinity":7,"b:68:67:68:89:68:89:68:Infinity":1,"b:72:57:72:79:72:79:72:Infinity":2,"b:76:33:76:Infinity:77:36:86:Infinity":3}}}
,"C:\\Users\\mdosm\\Desktop\\AL GONI TOURS AND TRAVELS\\algonitours\\src\\components\\Footer.jsx": {"path":"C:\\Users\\mdosm\\Desktop\\AL GONI TOURS AND TRAVELS\\algonitours\\src\\components\\Footer.jsx","statementMap":{"0":{"start":{"line":5,"column":15},"end":{"line":64,"column":null}},"1":{"start":{"line":6,"column":4},"end":{"line":62,"column":null}}},"fnMap":{"0":{"name":"(anonymous_0)","decl":{"start":{"line":5,"column":15},"end":{"line":5,"column":21}},"loc":{"start":{"line":5,"column":21},"end":{"line":64,"column":null}},"line":5}},"branchMap":{},"s":{"0":1,"1":2},"f":{"0":2},"b":{},"meta":{"lastBranch":0,"lastFunction":1,"lastStatement":2,"seen":{"s:5:15:64:Infinity":0,"f:5:15:5:21":0,"s:6:4:62:Infinity":1}}}
,"C:\\Users\\mdosm\\Desktop\\AL GONI TOURS AND TRAVELS\\algonitours\\src\\components\\Navbar.jsx": {"path":"C:\\Users\\mdosm\\Desktop\\AL GONI TOURS AND TRAVELS\\algonitours\\src\\components\\Navbar.jsx","statementMap":{"0":{"start":{"line":5,"column":15},"end":{"line":68,"column":null}},"1":{"start":{"line":6,"column":26},"end":{"line":6,"column":null}},"2":{"start":{"line":8,"column":21},"end":{"line":10,"column":null}},"3":{"start":{"line":9,"column":4},"end":{"line":9,"column":null}},"4":{"start":{"line":12,"column":2},"end":{"line":66,"column":null}}},"fnMap":{"0":{"name":"(anonymous_0)","decl":{"start":{"line":5,"column":15},"end":{"line":5,"column":21}},"loc":{"start":{"line":5,"column":21},"end":{"line":68,"column":null}},"line":5},"1":{"name":"(anonymous_1)","decl":{"start":{"line":8,"column":21},"end":{"line":8,"column":27}},"loc":{"start":{"line":8,"column":27},"end":{"line":10,"column":null}},"line":8}},"branchMap":{"0":{"loc":{"start":{"line":39,"column":11},"end":{"line":39,"column":null}},"type":"cond-expr","locations":[{"start":{"line":39,"column":20},"end":{"line":39,"column":38}},{"start":{"line":39,"column":38},"end":{"line":39,"column":null}}],"line":39},"1":{"loc":{"start":{"line":44,"column":7},"end":{"line":64,"column":null}},"type":"binary-expr","locations":[{"start":{"line":44,"column":7},"end":{"line":44,"column":null}},{"start":{"line":45,"column":8},"end":{"line":64,"column":null}}],"line":44}},"s":{"0":1,"1":4,"2":4,"3":1,"4":4},"f":{"0":4,"1":1},"b":{"0":[1,3],"1":[4,1]},"meta":{"lastBranch":2,"lastFunction":2,"lastStatement":5,"seen":{"s:5:15:68:Infinity":0,"f:5:15:5:21":0,"s:6:26:6:Infinity":1,"s:8:21:10:Infinity":2,"f:8:21:8:27":1,"s:9:4:9:Infinity":3,"s:12:2:66:Infinity":4,"b:39:20:39:38:39:38:39:Infinity":0,"b:44:7:44:Infinity:45:8:64:Infinity":1}}}
,"C:\\Users\\mdosm\\Desktop\\AL GONI TOURS AND TRAVELS\\algonitours\\src\\components\\Newsletter.jsx": {"path":"C:\\Users\\mdosm\\Desktop\\AL GONI TOURS AND TRAVELS\\algonitours\\src\\components\\Newsletter.jsx","statementMap":{"0":{"start":{"line":4,"column":19},"end":{"line":56,"column":null}},"1":{"start":{"line":5,"column":26},"end":{"line":5,"column":null}},"2":{"start":{"line":7,"column":25},"end":{"line":13,"column":null}},"3":{"start":{"line":8,"column":8},"end":{"line":8,"column":null}},"4":{"start":{"line":9,"column":8},"end":{"line":12,"column":null}},"5":{"start":{"line":10,"column":12},"end":{"line":10,"column":null}},"6":{"start":{"line":11,"column":12},"end":{"line":11,"column":null}},"7":{"start":{"line":15,"column":4},"end":{"line":54,"column":null}},"8":{"start":{"line":28,"column":41},"end":{"line":28,"column":null}}},"fnMap":{"0":{"name":"(anonymous_0)","decl":{"start":{"line":4,"column":19},"end":{"line":4,"column":25}},"loc":{"start":{"line":4,"column":25},"end":{"line":56,"column":null}},"line":4},"1":{"name":"(anonymous_1)","decl":{"start":{"line":7,"column":25},"end":{"line":7,"column":26}},"loc":{"start":{"line":7,"column":32},"end":{"line":13,"column":null}},"line":7},"2":{"name":"(anonymous_2)","decl":{"start":{"line":28,"column":34},"end":{"line":28,"column":35}},"loc":{"start":{"line":28,"column":41},"end":{"line":28,"column":null}},"line":28}},"branchMap":{"0":{"loc":{"start":{"line":9,"column":8},"end":{"line":12,"column":null}},"type":"if","locations":[{"start":{"line":9,"column":8},"end":{"line":12,"column":null}},{"start":{},"end":{}}],"line":9}},"s":{"0":2,"1":8,"2":8,"3":1,"4":1,"5":1,"6":1,"7":8,"8":2},"f":{"0":8,"1":1,"2":2},"b":{"0":[1,0]},"meta":{"lastBranch":1,"lastFunction":3,"lastStatement":9,"seen":{"s:4:19:56:Infinity":0,"f:4:19:4:25":0,"s:5:26:5:Infinity":1,"s:7:25:13:Infinity":2,"f:7:25:7:26":1,"s:8:8:8:Infinity":3,"b:9:8:12:Infinity:undefined:undefined:undefined:undefined":0,"s:9:8:12:Infinity":4,"s:10:12:10:Infinity":5,"s:11:12:11:Infinity":6,"s:15:4:54:Infinity":7,"f:28:34:28:35":2,"s:28:41:28:Infinity":8}}}
,"C:\\Users\\mdosm\\Desktop\\AL GONI TOURS AND TRAVELS\\algonitours\\src\\components\\Partners.jsx": {"path":"C:\\Users\\mdosm\\Desktop\\AL GONI TOURS AND TRAVELS\\algonitours\\src\\components\\Partners.jsx","statementMap":{"0":{"start":{"line":4,"column":17},"end":{"line":11,"column":null}},"1":{"start":{"line":13,"column":17},"end":{"line":41,"column":null}},"2":{"start":{"line":14,"column":4},"end":{"line":39,"column":null}},"3":{"start":{"line":26,"column":28},"end":{"line":34,"column":null}},"4":{"start":{"line":31,"column":59},"end":{"line":31,"column":107}},"5":{"start":{"line":31,"column":107},"end":{"line":31,"column":142}},"6":{"start":{"line":32,"column":59},"end":{"line":32,"column":109}},"7":{"start":{"line":32,"column":109},"end":{"line":32,"column":146}}},"fnMap":{"0":{"name":"(anonymous_0)","decl":{"start":{"line":13,"column":17},"end":{"line":13,"column":23}},"loc":{"start":{"line":13,"column":23},"end":{"line":41,"column":null}},"line":13},"1":{"name":"(anonymous_1)","decl":{"start":{"line":25,"column":69},"end":{"line":25,"column":70}},"loc":{"start":{"line":26,"column":28},"end":{"line":34,"column":null}},"line":26},"2":{"name":"(anonymous_2)","decl":{"start":{"line":31,"column":50},"end":{"line":31,"column":51}},"loc":{"start":{"line":31,"column":57},"end":{"line":31,"column":null}},"line":31},"3":{"name":"(anonymous_3)","decl":{"start":{"line":32,"column":50},"end":{"line":32,"column":51}},"loc":{"start":{"line":32,"column":57},"end":{"line":32,"column":null}},"line":32}},"branchMap":{},"s":{"0":2,"1":2,"2":4,"3":72,"4":0,"5":0,"6":0,"7":0},"f":{"0":4,"1":72,"2":0,"3":0},"b":{},"meta":{"lastBranch":0,"lastFunction":4,"lastStatement":8,"seen":{"s:4:17:11:Infinity":0,"s:13:17:41:Infinity":1,"f:13:17:13:23":0,"s:14:4:39:Infinity":2,"f:25:69:25:70":1,"s:26:28:34:Infinity":3,"f:31:50:31:51":2,"s:31:59:31:107":4,"s:31:107:31:142":5,"f:32:50:32:51":3,"s:32:59:32:109":6,"s:32:109:32:146":7}}}
,"C:\\Users\\mdosm\\Desktop\\AL GONI TOURS AND TRAVELS\\algonitours\\src\\components\\PopularDestinations.jsx": {"path":"C:\\Users\\mdosm\\Desktop\\AL GONI TOURS AND TRAVELS\\algonitours\\src\\components\\PopularDestinations.jsx","statementMap":{"0":{"start":{"line":7,"column":28},"end":{"line":79,"column":null}},"1":{"start":{"line":8,"column":21},"end":{"line":8,"column":null}},"2":{"start":{"line":9,"column":34},"end":{"line":11,"column":null}},"3":{"start":{"line":10,"column":23},"end":{"line":10,"column":49}},"4":{"start":{"line":13,"column":4},"end":{"line":77,"column":null}},"5":{"start":{"line":28,"column":24},"end":{"line":73,"column":null}}},"fnMap":{"0":{"name":"(anonymous_0)","decl":{"start":{"line":7,"column":28},"end":{"line":7,"column":34}},"loc":{"start":{"line":7,"column":34},"end":{"line":79,"column":null}},"line":7},"1":{"name":"(anonymous_1)","decl":{"start":{"line":10,"column":16},"end":{"line":10,"column":23}},"loc":{"start":{"line":10,"column":23},"end":{"line":10,"column":49}},"line":10},"2":{"name":"(anonymous_2)","decl":{"start":{"line":27,"column":47},"end":{"line":27,"column":48}},"loc":{"start":{"line":28,"column":24},"end":{"line":73,"column":null}},"line":28}},"branchMap":{},"s":{"0":1,"1":2,"2":2,"3":14,"4":2,"5":3},"f":{"0":2,"1":14,"2":3},"b":{},"meta":{"lastBranch":0,"lastFunction":3,"lastStatement":6,"seen":{"s:7:28:79:Infinity":0,"f:7:28:7:34":0,"s:8:21:8:Infinity":1,"s:9:34:11:Infinity":2,"f:10:16:10:23":1,"s:10:23:10:49":3,"s:13:4:77:Infinity":4,"f:27:47:27:48":2,"s:28:24:73:Infinity":5}}}
,"C:\\Users\\mdosm\\Desktop\\AL GONI TOURS AND TRAVELS\\algonitours\\src\\components\\RevealOnScroll.jsx": {"path":"C:\\Users\\mdosm\\Desktop\\AL GONI TOURS AND TRAVELS\\algonitours\\src\\components\\RevealOnScroll.jsx","statementMap":{"0":{"start":{"line":4,"column":23},"end":{"line":17,"column":null}},"1":{"start":{"line":5,"column":4},"end":{"line":15,"column":null}}},"fnMap":{"0":{"name":"(anonymous_0)","decl":{"start":{"line":4,"column":23},"end":{"line":4,"column":24}},"loc":{"start":{"line":4,"column":68},"end":{"line":17,"column":null}},"line":4}},"branchMap":{"0":{"loc":{"start":{"line":4,"column":36},"end":{"line":4,"column":47}},"type":"default-arg","locations":[{"start":{"line":4,"column":44},"end":{"line":4,"column":47}}],"line":4},"1":{"loc":{"start":{"line":4,"column":47},"end":{"line":4,"column":62}},"type":"default-arg","locations":[{"start":{"line":4,"column":55},"end":{"line":4,"column":62}}],"line":4}},"s":{"0":1,"1":16},"f":{"0":16},"b":{"0":[16],"1":[16]},"meta":{"lastBranch":2,"lastFunction":1,"lastStatement":2,"seen":{"s:4:23:17:Infinity":0,"f:4:23:4:24":0,"b:4:44:4:47":0,"b:4:55:4:62":1,"s:5:4:15:Infinity":1}}}
,"C:\\Users\\mdosm\\Desktop\\AL GONI TOURS AND TRAVELS\\algonitours\\src\\components\\Stats.jsx": {"path":"C:\\Users\\mdosm\\Desktop\\AL GONI TOURS AND TRAVELS\\algonitours\\src\\components\\Stats.jsx","statementMap":{"0":{"start":{"line":5,"column":14},"end":{"line":10,"column":null}},"1":{"start":{"line":12,"column":14},"end":{"line":52,"column":null}},"2":{"start":{"line":13,"column":4},"end":{"line":50,"column":null}},"3":{"start":{"line":25,"column":16},"end":{"line":48,"column":null}}},"fnMap":{"0":{"name":"(anonymous_0)","decl":{"start":{"line":12,"column":14},"end":{"line":12,"column":20}},"loc":{"start":{"line":12,"column":20},"end":{"line":52,"column":null}},"line":12},"1":{"name":"(anonymous_1)","decl":{"start":{"line":24,"column":23},"end":{"line":24,"column":24}},"loc":{"start":{"line":25,"column":16},"end":{"line":48,"column":null}},"line":25}},"branchMap":{},"s":{"0":1,"1":1,"2":2,"3":8},"f":{"0":2,"1":8},"b":{},"meta":{"lastBranch":0,"lastFunction":2,"lastStatement":4,"seen":{"s:5:14:10:Infinity":0,"s:12:14:52:Infinity":1,"f:12:14:12:20":0,"s:13:4:50:Infinity":2,"f:24:23:24:24":1,"s:25:16:48:Infinity":3}}}
,"C:\\Users\\mdosm\\Desktop\\AL GONI TOURS AND TRAVELS\\algonitours\\src\\components\\Testimonials.jsx": {"path":"C:\\Users\\mdosm\\Desktop\\AL GONI TOURS AND TRAVELS\\algonitours\\src\\components\\Testimonials.jsx","statementMap":{"0":{"start":{"line":5,"column":21},"end":{"line":30,"column":null}},"1":{"start":{"line":32,"column":21},"end":{"line":171,"column":null}},"2":{"start":{"line":33,"column":40},"end":{"line":33,"column":null}},"3":{"start":{"line":35,"column":28},"end":{"line":37,"column":null}},"4":{"start":{"line":36,"column":8},"end":{"line":36,"column":null}},"5":{"start":{"line":36,"column":25},"end":{"line":36,"column":66}},"6":{"start":{"line":39,"column":28},"end":{"line":41,"column":null}},"7":{"start":{"line":40,"column":8},"end":{"line":40,"column":null}},"8":{"start":{"line":40,"column":25},"end":{"line":40,"column":88}},"9":{"start":{"line":43,"column":4},"end":{"line":46,"column":null}},"10":{"start":{"line":44,"column":22},"end":{"line":44,"column":null}},"11":{"start":{"line":45,"column":8},"end":{"line":45,"column":null}},"12":{"start":{"line":45,"column":21},"end":{"line":45,"column":null}},"13":{"start":{"line":48,"column":4},"end":{"line":169,"column":null}},"14":{"start":{"line":90,"column":40},"end":{"line":90,"column":null}},"15":{"start":{"line":152,"column":28},"end":{"line":164,"column":null}},"16":{"start":{"line":154,"column":47},"end":{"line":154,"column":null}}},"fnMap":{"0":{"name":"(anonymous_0)","decl":{"start":{"line":32,"column":21},"end":{"line":32,"column":27}},"loc":{"start":{"line":32,"column":27},"end":{"line":171,"column":null}},"line":32},"1":{"name":"(anonymous_1)","decl":{"start":{"line":35,"column":28},"end":{"line":35,"column":34}},"loc":{"start":{"line":35,"column":34},"end":{"line":37,"column":null}},"line":35},"2":{"name":"(anonymous_2)","decl":{"start":{"line":36,"column":24},"end":{"line":36,"column":25}},"loc":{"start":{"line":36,"column":25},"end":{"line":36,"column":66}},"line":36},"3":{"name":"(anonymous_3)","decl":{"start":{"line":39,"column":28},"end":{"line":39,"column":34}},"loc":{"start":{"line":39,"column":34},"end":{"line":41,"column":null}},"line":39},"4":{"name":"(anonymous_4)","decl":{"start":{"line":40,"column":24},"end":{"line":40,"column":25}},"loc":{"start":{"line":40,"column":25},"end":{"line":40,"column":88}},"line":40},"5":{"name":"(anonymous_5)","decl":{"start":{"line":43,"column":14},"end":{"line":43,"column":20}},"loc":{"start":{"line":43,"column":20},"end":{"line":46,"column":7}},"line":43},"6":{"name":"(anonymous_6)","decl":{"start":{"line":45,"column":15},"end":{"line":45,"column":21}},"loc":{"start":{"line":45,"column":21},"end":{"line":45,"column":null}},"line":45},"7":{"name":"(anonymous_7)","decl":{"start":{"line":89,"column":87},"end":{"line":89,"column":88}},"loc":{"start":{"line":90,"column":40},"end":{"line":90,"column":null}},"line":90},"8":{"name":"(anonymous_8)","decl":{"start":{"line":151,"column":42},"end":{"line":151,"column":43}},"loc":{"start":{"line":152,"column":28},"end":{"line":164,"column":null}},"line":152},"9":{"name":"(anonymous_9)","decl":{"start":{"line":154,"column":41},"end":{"line":154,"column":47}},"loc":{"start":{"line":154,"column":47},"end":{"line":154,"column":null}},"line":154}},"branchMap":{"0":{"loc":{"start":{"line":160,"column":53},"end":{"line":160,"column":null}},"type":"cond-expr","locations":[{"start":{"line":160,"column":78},"end":{"line":160,"column":100}},{"start":{"line":160,"column":100},"end":{"line":160,"column":null}}],"line":160}},"s":{"0":1,"1":1,"2":2,"3":2,"4":0,"5":0,"6":2,"7":0,"8":0,"9":2,"10":1,"11":1,"12":1,"13":2,"14":10,"15":6,"16":0},"f":{"0":2,"1":0,"2":0,"3":0,"4":0,"5":1,"6":1,"7":10,"8":6,"9":0},"b":{"0":[2,4]},"meta":{"lastBranch":1,"lastFunction":10,"lastStatement":17,"seen":{"s:5:21:30:Infinity":0,"s:32:21:171:Infinity":1,"f:32:21:32:27":0,"s:33:40:33:Infinity":2,"s:35:28:37:Infinity":3,"f:35:28:35:34":1,"s:36:8:36:Infinity":4,"f:36:24:36:25":2,"s:36:25:36:66":5,"s:39:28:41:Infinity":6,"f:39:28:39:34":3,"s:40:8:40:Infinity":7,"f:40:24:40:25":4,"s:40:25:40:88":8,"s:43:4:46:Infinity":9,"f:43:14:43:20":5,"s:44:22:44:Infinity":10,"s:45:8:45:Infinity":11,"f:45:15:45:21":6,"s:45:21:45:Infinity":12,"s:48:4:169:Infinity":13,"f:89:87:89:88":7,"s:90:40:90:Infinity":14,"f:151:42:151:43":8,"s:152:28:164:Infinity":15,"f:154:41:154:47":9,"s:154:47:154:Infinity":16,"b:160:78:160:100:160:100:160:Infinity":0}}}
,"C:\\Users\\mdosm\\Desktop\\AL GONI TOURS AND TRAVELS\\algonitours\\src\\context\\PackageContext.jsx": {"path":"C:\\Users\\mdosm\\Desktop\\AL GONI TOURS AND TRAVELS\\algonitours\\src\\context\\PackageContext.jsx","statementMap":{"0":{"start":{"line":8,"column":31},"end":{"line":79,"column":null}},"1":{"start":{"line":9,"column":32},"end":{"line":9,"column":null}},"2":{"start":{"line":12,"column":4},"end":{"line":48,"column":null}},"3":{"start":{"line":13,"column":31},"end":{"line":13,"column":null}},"4":{"start":{"line":14,"column":8},"end":{"line":47,"column":null}},"5":{"start":{"line":15,"column":35},"end":{"line":15,"column":null}},"6":{"start":{"line":18,"column":18},"end":{"line":18,"column":null}},"7":{"start":{"line":18,"column":70},"end":{"line":18,"column":120}},"8":{"start":{"line":21,"column":30},"end":{"line":21,"column":null}},"9":{"start":{"line":21,"column":66},"end":{"line":21,"column":75}},"10":{"start":{"line":24,"column":35},"end":{"line":30,"column":null}},"11":{"start":{"line":26,"column":16},"end":{"line":28,"column":null}},"12":{"start":{"line":27,"column":20},"end":{"line":27,"column":null}},"13":{"start":{"line":29,"column":16},"end":{"line":29,"column":null}},"14":{"start":{"line":33,"column":32},"end":{"line":33,"column":null}},"15":{"start":{"line":33,"column":64},"end":{"line":33,"column":68}},"16":{"start":{"line":34,"column":36},"end":{"line":34,"column":null}},"17":{"start":{"line":34,"column":67},"end":{"line":34,"column":89}},"18":{"start":{"line":36,"column":12},"end":{"line":36,"column":null}},"19":{"start":{"line":39,"column":32},"end":{"line":44,"column":null}},"20":{"start":{"line":40,"column":50},"end":{"line":40,"column":100}},"21":{"start":{"line":41,"column":50},"end":{"line":41,"column":231}},"22":{"start":{"line":42,"column":51},"end":{"line":42,"column":233}},"23":{"start":{"line":45,"column":12},"end":{"line":45,"column":null}},"24":{"start":{"line":46,"column":12},"end":{"line":46,"column":null}},"25":{"start":{"line":51,"column":4},"end":{"line":55,"column":null}},"26":{"start":{"line":52,"column":8},"end":{"line":54,"column":null}},"27":{"start":{"line":53,"column":12},"end":{"line":53,"column":null}},"28":{"start":{"line":57,"column":23},"end":{"line":60,"column":null}},"29":{"start":{"line":58,"column":26},"end":{"line":58,"column":null}},"30":{"start":{"line":59,"column":8},"end":{"line":59,"column":null}},"31":{"start":{"line":59,"column":28},"end":{"line":59,"column":48}},"32":{"start":{"line":62,"column":26},"end":{"line":64,"column":null}},"33":{"start":{"line":63,"column":8},"end":{"line":63,"column":null}},"34":{"start":{"line":63,"column":28},"end":{"line":63,"column":93}},"35":{"start":{"line":63,"column":44},"end":{"line":63,"column":92}},"36":{"start":{"line":66,"column":26},"end":{"line":68,"column":null}},"37":{"start":{"line":67,"column":8},"end":{"line":67,"column":null}},"38":{"start":{"line":67,"column":28},"end":{"line":67,"column":61}},"39":{"start":{"line":67,"column":47},"end":{"line":67,"column":60}},"40":{"start":{"line":70,"column":23},"end":{"line":72,"column":null}},"41":{"start":{"line":71,"column":8},"end":{"line":71,"column":null}},"42":{"start":{"line":71,"column":36},"end":{"line":71,"column":49}},"43":{"start":{"line":74,"column":4},"end":{"line":77,"column":null}}},"fnMap":{"0":{"name":"(anonymous_0)","decl":{"start":{"line":8,"column":31},"end":{"line":8,"column":32}},"loc":{"start":{"line":8,"column":49},"end":{"line":79,"column":null}},"line":8},"1":{"name":"(anonymous_1)","decl":{"start":{"line":12,"column":14},"end":{"line":12,"column":20}},"loc":{"start":{"line":12,"column":20},"end":{"line":48,"column":7}},"line":12},"2":{"name":"(anonymous_2)","decl":{"start":{"line":18,"column":64},"end":{"line":18,"column":70}},"loc":{"start":{"line":18,"column":70},"end":{"line":18,"column":120}},"line":18},"3":{"name":"(anonymous_3)","decl":{"start":{"line":21,"column":61},"end":{"line":21,"column":66}},"loc":{"start":{"line":21,"column":66},"end":{"line":21,"column":75}},"line":21},"4":{"name":"(anonymous_4)","decl":{"start":{"line":24,"column":54},"end":{"line":24,"column":61}},"loc":{"start":{"line":24,"column":61},"end":{"line":30,"column":13}},"line":24},"5":{"name":"(anonymous_5)","decl":{"start":{"line":33,"column":59},"end":{"line":33,"column":64}},"loc":{"start":{"line":33,"column":64},"end":{"line":33,"column":68}},"line":33},"6":{"name":"(anonymous_6)","decl":{"start":{"line":34,"column":62},"end":{"line":34,"column":67}},"loc":{"start":{"line":34,"column":67},"end":{"line":34,"column":89}},"line":34},"7":{"name":"(anonymous_7)","decl":{"start":{"line":40,"column":44},"end":{"line":40,"column":50}},"loc":{"start":{"line":40,"column":50},"end":{"line":40,"column":100}},"line":40},"8":{"name":"(anonymous_8)","decl":{"start":{"line":41,"column":44},"end":{"line":41,"column":50}},"loc":{"start":{"line":41,"column":50},"end":{"line":41,"column":231}},"line":41},"9":{"name":"(anonymous_9)","decl":{"start":{"line":42,"column":45},"end":{"line":42,"column":51}},"loc":{"start":{"line":42,"column":51},"end":{"line":42,"column":233}},"line":42},"10":{"name":"(anonymous_10)","decl":{"start":{"line":51,"column":14},"end":{"line":51,"column":20}},"loc":{"start":{"line":51,"column":20},"end":{"line":55,"column":7}},"line":51},"11":{"name":"(anonymous_11)","decl":{"start":{"line":57,"column":23},"end":{"line":57,"column":24}},"loc":{"start":{"line":57,"column":39},"end":{"line":60,"column":null}},"line":57},"12":{"name":"(anonymous_12)","decl":{"start":{"line":59,"column":20},"end":{"line":59,"column":28}},"loc":{"start":{"line":59,"column":28},"end":{"line":59,"column":48}},"line":59},"13":{"name":"(anonymous_13)","decl":{"start":{"line":62,"column":26},"end":{"line":62,"column":27}},"loc":{"start":{"line":62,"column":47},"end":{"line":64,"column":null}},"line":62},"14":{"name":"(anonymous_14)","decl":{"start":{"line":63,"column":20},"end":{"line":63,"column":28}},"loc":{"start":{"line":63,"column":28},"end":{"line":63,"column":93}},"line":63},"15":{"name":"(anonymous_15)","decl":{"start":{"line":63,"column":37},"end":{"line":63,"column":44}},"loc":{"start":{"line":63,"column":44},"end":{"line":63,"column":92}},"line":63},"16":{"name":"(anonymous_16)","decl":{"start":{"line":66,"column":26},"end":{"line":66,"column":27}},"loc":{"start":{"line":66,"column":34},"end":{"line":68,"column":null}},"line":66},"17":{"name":"(anonymous_17)","decl":{"start":{"line":67,"column":20},"end":{"line":67,"column":28}},"loc":{"start":{"line":67,"column":28},"end":{"line":67,"column":61}},"line":67},"18":{"name":"(anonymous_18)","decl":{"start":{"line":67,"column":40},"end":{"line":67,"column":47}},"loc":{"start":{"line":67,"column":47},"end":{"line":67,"column":60}},"line":67},"19":{"name":"(anonymous_19)","decl":{"start":{"line":70,"column":23},"end":{"line":70,"column":24}},"loc":{"start":{"line":70,"column":31},"end":{"line":72,"column":null}},"line":70},"20":{"name":"(anonymous_20)","decl":{"start":{"line":71,"column":29},"end":{"line":71,"column":36}},"loc":{"start":{"line":71,"column":36},"end":{"line":71,"column":49}},"line":71}},"branchMap":{"0":{"loc":{"start":{"line":14,"column":8},"end":{"line":47,"column":null}},"type":"if","locations":[{"start":{"line":14,"column":8},"end":{"line":47,"column":null}},{"start":{"line":37,"column":15},"end":{"line":47,"column":null}}],"line":14},"1":{"loc":{"start":{"line":18,"column":40},"end":{"line":18,"column":60}},"type":"binary-expr","locations":[{"start":{"line":18,"column":40},"end":{"line":18,"column":56}},{"start":{"line":18,"column":56},"end":{"line":18,"column":60}}],"line":18},"2":{"loc":{"start":{"line":26,"column":16},"end":{"line":28,"column":null}},"type":"if","locations":[{"start":{"line":26,"column":16},"end":{"line":28,"column":null}},{"start":{},"end":{}}],"line":26},"3":{"loc":{"start":{"line":40,"column":20},"end":{"line":40,"column":40}},"type":"binary-expr","locations":[{"start":{"line":40,"column":20},"end":{"line":40,"column":36}},{"start":{"line":40,"column":36},"end":{"line":40,"column":40}}],"line":40},"4":{"loc":{"start":{"line":41,"column":20},"end":{"line":41,"column":40}},"type":"binary-expr","locations":[{"start":{"line":41,"column":20},"end":{"line":41,"column":36}},{"start":{"line":41,"column":36},"end":{"line":41,"column":40}}],"line":41},"5":{"loc":{"start":{"line":42,"column":20},"end":{"line":42,"column":41}},"type":"binary-expr","locations":[{"start":{"line":42,"column":20},"end":{"line":42,"column":37}},{"start":{"line":42,"column":37},"end":{"line":42,"column":41}}],"line":42},"6":{"loc":{"start":{"line":43,"column":20},"end":{"line":43,"column":null}},"type":"cond-expr","locations":[{"start":{"line":43,"column":31},"end":{"line":43,"column":127}},{"start":{"line":43,"column":127},"end":{"line":43,"column":null}}],"line":43},"7":{"loc":{"start":{"line":52,"column":8},"end":{"line":54,"column":null}},"type":"if","locations":[{"start":{"line":52,"column":8},"end":{"line":54,"column":null}},{"start":{},"end":{}}],"line":52},"8":{"loc":{"start":{"line":63,"column":44},"end":{"line":63,"column":92}},"type":"cond-expr","locations":[{"start":{"line":63,"column":60},"end":{"line":63,"column":89}},{"start":{"line":63,"column":89},"end":{"line":63,"column":92}}],"line":63}},"s":{"0":2,"1":13,"2":13,"3":5,"4":5,"5":0,"6":0,"7":0,"8":0,"9":0,"10":0,"11":0,"12":0,"13":0,"14":0,"15":0,"16":0,"17":0,"18":0,"19":5,"20":12,"21":2,"22":3,"23":5,"24":5,"25":13,"26":13,"27":7,"28":13,"29":1,"30":1,"31":1,"32":13,"33":1,"34":1,"35":1,"36":13,"37":1,"38":1,"39":1,"40":13,"41":0,"42":0,"43":13},"f":{"0":13,"1":5,"2":0,"3":0,"4":0,"5":0,"6":0,"7":12,"8":2,"9":3,"10":13,"11":1,"12":1,"13":1,"14":1,"15":1,"16":1,"17":1,"18":1,"19":0,"20":0},"b":{"0":[0,5],"1":[0,0],"2":[0,0],"3":[5,0],"4":[5,0],"5":[5,0],"6":[1,4],"7":[7,6],"8":[1,0]},"meta":{"lastBranch":9,"lastFunction":21,"lastStatement":44,"seen":{"s:8:31:79:Infinity":0,"f:8:31:8:32":0,"s:9:32:9:Infinity":1,"s:12:4:48:Infinity":2,"f:12:14:12:20":1,"s:13:31:13:Infinity":3,"b:14:8:47:Infinity:37:15:47:Infinity":0,"s:14:8:47:Infinity":4,"s:15:35:15:Infinity":5,"s:18:18:18:Infinity":6,"b:18:40:18:56:18:56:18:60":1,"f:18:64:18:70":2,"s:18:70:18:120":7,"s:21:30:21:Infinity":8,"f:21:61:21:66":3,"s:21:66:21:75":9,"s:24:35:30:Infinity":10,"f:24:54:24:61":4,"b:26:16:28:Infinity:undefined:undefined:undefined:undefined":2,"s:26:16:28:Infinity":11,"s:27:20:27:Infinity":12,"s:29:16:29:Infinity":13,"s:33:32:33:Infinity":14,"f:33:59:33:64":5,"s:33:64:33:68":15,"s:34:36:34:Infinity":16,"f:34:62:34:67":6,"s:34:67:34:89":17,"s:36:12:36:Infinity":18,"s:39:32:44:Infinity":19,"b:40:20:40:36:40:36:40:40":3,"f:40:44:40:50":7,"s:40:50:40:100":20,"b:41:20:41:36:41:36:41:40":4,"f:41:44:41:50":8,"s:41:50:41:231":21,"b:42:20:42:37:42:37:42:41":5,"f:42:45:42:51":9,"s:42:51:42:233":22,"b:43:31:43:127:43:127:43:Infinity":6,"s:45:12:45:Infinity":23,"s:46:12:46:Infinity":24,"s:51:4:55:Infinity":25,"f:51:14:51:20":10,"b:52:8:54:Infinity:undefined:undefined:undefined:undefined":7,"s:52:8:54:Infinity":26,"s:53:12:53:Infinity":27,"s:57:23:60:Infinity":28,"f:57:23:57:24":11,"s:58:26:58:Infinity":29,"s:59:8:59:Infinity":30,"f:59:20:59:28":12,"s:59:28:59:48":31,"s:62:26:64:Infinity":32,"f:62:26:62:27":13,"s:63:8:63:Infinity":33,"f:63:20:63:28":14,"s:63:28:63:93":34,"f:63:37:63:44":15,"s:63:44:63:92":35,"b:63:60:63:89:63:89:63:92":8,"s:66:26:68:Infinity":36,"f:66:26:66:27":16,"s:67:8:67:Infinity":37,"f:67:20:67:28":17,"s:67:28:67:61":38,"f:67:40:67:47":18,"s:67:47:67:60":39,"s:70:23:72:Infinity":40,"f:70:23:70:24":19,"s:71:8:71:Infinity":41,"f:71:29:71:36":20,"s:71:36:71:49":42,"s:74:4:77:Infinity":43}}}
,"C:\\Users\\mdosm\\Desktop\\AL GONI TOURS AND TRAVELS\\algonitours\\src\\context\\PackageContextDefinition.js": {"path":"C:\\Users\\mdosm\\Desktop\\AL GONI TOURS AND TRAVELS\\algonitours\\src\\context\\PackageContextDefinition.js","statementMap":{"0":{"start":{"line":3,"column":22},"end":{"line":3,"column":38}},"1":{"start":{"line":5,"column":27},"end":{"line":5,"column":59}},"2":{"start":{"line":5,"column":32},"end":{"line":5,"column":59}}},"fnMap":{"0":{"name":"(anonymous_0)","decl":{"start":{"line":5,"column":27},"end":{"line":5,"column":28}},"loc":{"start":{"line":5,"column":32},"end":{"line":5,"column":59}},"line":5}},"branchMap":{},"s":{"0":2,"1":2,"2":15},"f":{"0":15},"b":{},"meta":{"lastBranch":0,"lastFunction":1,"lastStatement":3,"seen":{"s:3:22:3:38":0,"s:5:27:5:59":1,"f:5:27:5:28":0,"s:5:32:5:59":2}}}
,"C:\\Users\\mdosm\\Desktop\\AL GONI TOURS AND TRAVELS\\algonitours\\src\\data\\bikeTripsData.js": {"path":"C:\\Users\\mdosm\\Desktop\\AL GONI TOURS AND TRAVELS\\algonitours\\src\\data\\bikeTripsData.js","statementMap":{"0":{"start":{"line":1,"column":24},"end":{"line":15,"column":1}},"1":{"start":{"line":17,"column":26},"end":{"line":21,"column":1}}},"fnMap":{},"branchMap":{},"s":{"0":1,"1":1},"f":{},"b":{},"meta":{"lastBranch":0,"lastFunction":0,"lastStatement":2,"seen":{"s:1:24:15:1":0,"s:17:26:21:1":1}}}
,"C:\\Users\\mdosm\\Desktop\\AL GONI TOURS AND TRAVELS\\algonitours\\src\\data\\destinations.js": {"path":"C:\\Users\\mdosm\\Desktop\\AL GONI TOURS AND TRAVELS\\algonitours\\src\\data\\destinations.js","statementMap":{"0":{"start":{"line":1,"column":28},"end":{"line":70,"column":1}}},"fnMap":{},"branchMap":{},"s":{"0":1},"f":{},"b":{},"meta":{"lastBranch":0,"lastFunction":0,"lastStatement":1,"seen":{"s:1:28:70:1":0}}}
,"C:\\Users\\mdosm\\Desktop\\AL GONI TOURS AND TRAVELS\\algonitours\\src\\data\\hajjUmrahPackages.js": {"path":"C:\\Users\\mdosm\\Desktop\\AL GONI TOURS AND TRAVELS\\algonitours\\src\\data\\hajjUmrahPackages.js","statementMap":{"0":{"start":{"line":1,"column":28},"end":{"line":27,"column":1}},"1":{"start":{"line":29,"column":29},"end":{"line":73,"column":1}}},"fnMap":{},"branchMap":{},"s":{"0":1,"1":1},"f":{},"b":{},"meta":{"lastBranch":0,"lastFunction":0,"lastStatement":2,"seen":{"s:1:28:27:1":0,"s:29:29:73:1":1}}}
,"C:\\Users\\mdosm\\Desktop\\AL GONI TOURS AND TRAVELS\\algonitours\\src\\pages\\About.jsx": {"path":"C:\\Users\\mdosm\\Desktop\\AL GONI TOURS AND TRAVELS\\algonitours\\src\\pages\\About.jsx","statementMap":{"0":{"start":{"line":3,"column":16},"end":{"line":196,"column":null}},"1":{"start":{"line":4,"column":2},"end":{"line":194,"column":null}}},"fnMap":{"0":{"name":"(anonymous_0)","decl":{"start":{"line":3,"column":16},"end":{"line":3,"column":22}},"loc":{"start":{"line":3,"column":22},"end":{"line":196,"column":null}},"line":3}},"branchMap":{},"s":{"0":1,"1":1},"f":{"0":1},"b":{},"meta":{"lastBranch":0,"lastFunction":1,"lastStatement":2,"seen":{"s:3:16:196:Infinity":0,"f:3:16:3:22":0,"s:4:2:194:Infinity":1}}}
,"C:\\Users\\mdosm\\Desktop\\AL GONI TOURS AND TRAVELS\\algonitours\\src\\pages\\Contact.jsx": {"path":"C:\\Users\\mdosm\\Desktop\\AL GONI TOURS AND TRAVELS\\algonitours\\src\\pages\\Contact.jsx","statementMap":{"0":{"start":{"line":4,"column":16},"end":{"line":217,"column":null}},"1":{"start":{"line":5,"column":30},"end":{"line":12,"column":null}},"2":{"start":{"line":14,"column":23},"end":{"line":17,"column":null}},"3":{"start":{"line":15,"column":28},"end":{"line":15,"column":null}},"4":{"start":{"line":16,"column":4},"end":{"line":16,"column":null}},"5":{"start":{"line":16,"column":27},"end":{"line":16,"column":54}},"6":{"start":{"line":19,"column":23},"end":{"line":31,"column":null}},"7":{"start":{"line":20,"column":4},"end":{"line":20,"column":null}},"8":{"start":{"line":21,"column":4},"end":{"line":21,"column":null}},"9":{"start":{"line":22,"column":4},"end":{"line":22,"column":null}},"10":{"start":{"line":23,"column":4},"end":{"line":30,"column":null}},"11":{"start":{"line":32,"column":2},"end":{"line":215,"column":null}}},"fnMap":{"0":{"name":"(anonymous_0)","decl":{"start":{"line":4,"column":16},"end":{"line":4,"column":22}},"loc":{"start":{"line":4,"column":22},"end":{"line":217,"column":null}},"line":4},"1":{"name":"(anonymous_1)","decl":{"start":{"line":14,"column":23},"end":{"line":14,"column":24}},"loc":{"start":{"line":14,"column":30},"end":{"line":17,"column":null}},"line":14},"2":{"name":"(anonymous_2)","decl":{"start":{"line":16,"column":16},"end":{"line":16,"column":17}},"loc":{"start":{"line":16,"column":27},"end":{"line":16,"column":54}},"line":16},"3":{"name":"(anonymous_3)","decl":{"start":{"line":19,"column":23},"end":{"line":19,"column":24}},"loc":{"start":{"line":19,"column":30},"end":{"line":31,"column":null}},"line":19}},"branchMap":{},"s":{"0":1,"1":7,"2":7,"3":4,"4":4,"5":4,"6":7,"7":1,"8":1,"9":1,"10":1,"11":7},"f":{"0":7,"1":4,"2":4,"3":1},"b":{},"meta":{"lastBranch":0,"lastFunction":4,"lastStatement":12,"seen":{"s:4:16:217:Infinity":0,"f:4:16:4:22":0,"s:5:30:12:Infinity":1,"s:14:23:17:Infinity":2,"f:14:23:14:24":1,"s:15:28:15:Infinity":3,"s:16:4:16:Infinity":4,"f:16:16:16:17":2,"s:16:27:16:54":5,"s:19:23:31:Infinity":6,"f:19:23:19:24":3,"s:20:4:20:Infinity":7,"s:21:4:21:Infinity":8,"s:22:4:22:Infinity":9,"s:23:4:30:Infinity":10,"s:32:2:215:Infinity":11}}}
,"C:\\Users\\mdosm\\Desktop\\AL GONI TOURS AND TRAVELS\\algonitours\\src\\pages\\HolidayPackages.jsx": {"path":"C:\\Users\\mdosm\\Desktop\\AL GONI TOURS AND TRAVELS\\algonitours\\src\\pages\\HolidayPackages.jsx","statementMap":{"0":{"start":{"line":8,"column":24},"end":{"line":34,"column":null}},"1":{"start":{"line":9,"column":21},"end":{"line":9,"column":null}},"2":{"start":{"line":11,"column":25},"end":{"line":11,"column":null}},"3":{"start":{"line":11,"column":48},"end":{"line":11,"column":74}},"4":{"start":{"line":12,"column":4},"end":{"line":32,"column":null}},"5":{"start":{"line":28,"column":24},"end":{"line":28,"column":null}}},"fnMap":{"0":{"name":"(anonymous_0)","decl":{"start":{"line":8,"column":24},"end":{"line":8,"column":30}},"loc":{"start":{"line":8,"column":30},"end":{"line":34,"column":null}},"line":8},"1":{"name":"(anonymous_1)","decl":{"start":{"line":11,"column":41},"end":{"line":11,"column":48}},"loc":{"start":{"line":11,"column":48},"end":{"line":11,"column":74}},"line":11},"2":{"name":"(anonymous_2)","decl":{"start":{"line":27,"column":38},"end":{"line":27,"column":39}},"loc":{"start":{"line":28,"column":24},"end":{"line":28,"column":null}},"line":28}},"branchMap":{},"s":{"0":1,"1":2,"2":2,"3":4,"4":2,"5":3},"f":{"0":2,"1":4,"2":3},"b":{},"meta":{"lastBranch":0,"lastFunction":3,"lastStatement":6,"seen":{"s:8:24:34:Infinity":0,"f:8:24:8:30":0,"s:9:21:9:Infinity":1,"s:11:25:11:Infinity":2,"f:11:41:11:48":1,"s:11:48:11:74":3,"s:12:4:32:Infinity":4,"f:27:38:27:39":2,"s:28:24:28:Infinity":5}}}
,"C:\\Users\\mdosm\\Desktop\\AL GONI TOURS AND TRAVELS\\algonitours\\src\\pages\\Home.jsx": {"path":"C:\\Users\\mdosm\\Desktop\\AL GONI TOURS AND TRAVELS\\algonitours\\src\\pages\\Home.jsx","statementMap":{"0":{"start":{"line":14,"column":13},"end":{"line":227,"column":null}},"1":{"start":{"line":15,"column":19},"end":{"line":15,"column":null}},"2":{"start":{"line":17,"column":2},"end":{"line":225,"column":null}},"3":{"start":{"line":86,"column":38},"end":{"line":86,"column":null}},"4":{"start":{"line":87,"column":38},"end":{"line":87,"column":null}},"5":{"start":{"line":107,"column":38},"end":{"line":107,"column":null}},"6":{"start":{"line":108,"column":38},"end":{"line":108,"column":null}},"7":{"start":{"line":128,"column":38},"end":{"line":128,"column":null}},"8":{"start":{"line":129,"column":38},"end":{"line":129,"column":null}}},"fnMap":{"0":{"name":"(anonymous_0)","decl":{"start":{"line":14,"column":13},"end":{"line":14,"column":19}},"loc":{"start":{"line":14,"column":19},"end":{"line":227,"column":null}},"line":14},"1":{"name":"(anonymous_1)","decl":{"start":{"line":86,"column":30},"end":{"line":86,"column":31}},"loc":{"start":{"line":86,"column":38},"end":{"line":86,"column":null}},"line":86},"2":{"name":"(anonymous_2)","decl":{"start":{"line":87,"column":30},"end":{"line":87,"column":31}},"loc":{"start":{"line":87,"column":38},"end":{"line":87,"column":null}},"line":87},"3":{"name":"(anonymous_3)","decl":{"start":{"line":107,"column":30},"end":{"line":107,"column":31}},"loc":{"start":{"line":107,"column":38},"end":{"line":107,"column":null}},"line":107},"4":{"name":"(anonymous_4)","decl":{"start":{"line":108,"column":30},"end":{"line":108,"column":31}},"loc":{"start":{"line":108,"column":38},"end":{"line":108,"column":null}},"line":108},"5":{"name":"(anonymous_5)","decl":{"start":{"line":128,"column":30},"end":{"line":128,"column":31}},"loc":{"start":{"line":128,"column":38},"end":{"line":128,"column":null}},"line":128},"6":{"name":"(anonymous_6)","decl":{"start":{"line":129,"column":30},"end":{"line":129,"column":31}},"loc":{"start":{"line":129,"column":38},"end":{"line":129,"column":null}},"line":129}},"branchMap":{},"s":{"0":1,"1":2,"2":2,"3":0,"4":0,"5":0,"6":0,"7":0,"8":0},"f":{"0":2,"1":0,"2":0,"3":0,"4":0,"5":0,"6":0},"b":{},"meta":{"lastBranch":0,"lastFunction":7,"lastStatement":9,"seen":{"s:14:13:227:Infinity":0,"f:14:13:14:19":0,"s:15:19:15:Infinity":1,"s:17:2:225:Infinity":2,"f:86:30:86:31":1,"s:86:38:86:Infinity":3,"f:87:30:87:31":2,"s:87:38:87:Infinity":4,"f:107:30:107:31":3,"s:107:38:107:Infinity":5,"f:108:30:108:31":4,"s:108:38:108:Infinity":6,"f:128:30:128:31":5,"s:128:38:128:Infinity":7,"f:129:30:129:31":6,"s:129:38:129:Infinity":8}}}
,"C:\\Users\\mdosm\\Desktop\\AL GONI TOURS AND TRAVELS\\algonitours\\src\\pages\\Services.jsx": {"path":"C:\\Users\\mdosm\\Desktop\\AL GONI TOURS AND TRAVELS\\algonitours\\src\\pages\\Services.jsx","statementMap":{"0":{"start":{"line":5,"column":17},"end":{"line":118,"column":null}},"1":{"start":{"line":6,"column":21},"end":{"line":43,"column":null}},"2":{"start":{"line":45,"column":4},"end":{"line":116,"column":null}},"3":{"start":{"line":68,"column":32},"end":{"line":72,"column":null}},"4":{"start":{"line":75,"column":46},"end":{"line":86,"column":null}},"5":{"start":{"line":88,"column":28},"end":{"line":100,"column":null}},"6":{"start":{"line":89,"column":32},"end":{"line":98,"column":null}},"7":{"start":{"line":94,"column":61},"end":{"line":94,"column":null}},"8":{"start":{"line":95,"column":61},"end":{"line":95,"column":null}},"9":{"start":{"line":102,"column":28},"end":{"line":110,"column":null}},"10":{"start":{"line":106,"column":57},"end":{"line":106,"column":null}},"11":{"start":{"line":107,"column":57},"end":{"line":107,"column":null}}},"fnMap":{"0":{"name":"(anonymous_0)","decl":{"start":{"line":5,"column":17},"end":{"line":5,"column":23}},"loc":{"start":{"line":5,"column":23},"end":{"line":118,"column":null}},"line":5},"1":{"name":"(anonymous_1)","decl":{"start":{"line":66,"column":38},"end":{"line":66,"column":39}},"loc":{"start":{"line":66,"column":58},"end":{"line":112,"column":25}},"line":66},"2":{"name":"(anonymous_2)","decl":{"start":{"line":94,"column":54},"end":{"line":94,"column":55}},"loc":{"start":{"line":94,"column":61},"end":{"line":94,"column":null}},"line":94},"3":{"name":"(anonymous_3)","decl":{"start":{"line":95,"column":54},"end":{"line":95,"column":55}},"loc":{"start":{"line":95,"column":61},"end":{"line":95,"column":null}},"line":95},"4":{"name":"(anonymous_4)","decl":{"start":{"line":106,"column":50},"end":{"line":106,"column":51}},"loc":{"start":{"line":106,"column":57},"end":{"line":106,"column":null}},"line":106},"5":{"name":"(anonymous_5)","decl":{"start":{"line":107,"column":50},"end":{"line":107,"column":51}},"loc":{"start":{"line":107,"column":57},"end":{"line":107,"column":null}},"line":107}},"branchMap":{"0":{"loc":{"start":{"line":88,"column":28},"end":{"line":100,"column":null}},"type":"if","locations":[{"start":{"line":88,"column":28},"end":{"line":100,"column":null}},{"start":{},"end":{}}],"line":88}},"s":{"0":1,"1":1,"2":1,"3":6,"4":6,"5":6,"6":6,"7":0,"8":0,"9":0,"10":0,"11":0},"f":{"0":1,"1":6,"2":0,"3":0,"4":0,"5":0},"b":{"0":[6,0]},"meta":{"lastBranch":1,"lastFunction":6,"lastStatement":12,"seen":{"s:5:17:118:Infinity":0,"f:5:17:5:23":0,"s:6:21:43:Infinity":1,"s:45:4:116:Infinity":2,"f:66:38:66:39":1,"s:68:32:72:Infinity":3,"s:75:46:86:Infinity":4,"b:88:28:100:Infinity:undefined:undefined:undefined:undefined":0,"s:88:28:100:Infinity":5,"s:89:32:98:Infinity":6,"f:94:54:94:55":2,"s:94:61:94:Infinity":7,"f:95:54:95:55":3,"s:95:61:95:Infinity":8,"s:102:28:110:Infinity":9,"f:106:50:106:51":4,"s:106:57:106:Infinity":10,"f:107:50:107:51":5,"s:107:57:107:Infinity":11}}}
}
